<?xml version="1.0" encoding="UTF-8"?>
<!-- Generated by org.testng.reporters.JUnitReportReporter -->
<testsuite name="ToolsQA.Verifygmailtitle" tests="1" time="12.626" ignored="0" failures="0" timestamp="23 Dec 2020 10:43:42 GMT" skipped="0" hostname="BLRCND52101569" errors="0">
  <testcase name="Verifygmailtitle_TastcaseID" time="12.626" classname="ToolsQA.Verifygmailtitle"/>
</testsuite> <!-- ToolsQA.Verifygmailtitle -->
