<?xml version="1.0" encoding="UTF-8"?>
<!-- Generated by org.testng.reporters.JUnitReportReporter -->
<testsuite name="ToolsQA.Anthem_LoginTestScenarios" tests="1" time="54.964" ignored="2" failures="0" timestamp="13 Jan 2021 07:22:47 GMT" skipped="0" hostname="BLRCND52101569" errors="0">
  <testcase name="TC_2_SignUpPage" time="54.964" classname="ToolsQA.Anthem_LoginTestScenarios"/>
  <testcase name="TC_3_PlaceNewOrderForBulk" classname="ToolsQA.Anthem_LoginTestScenarios">
    <skipped/>
  </testcase> <!-- TC_3_PlaceNewOrderForBulk -->
  <testcase name="TC_1_VerifyHomePageLoaded" classname="ToolsQA.Anthem_LoginTestScenarios">
    <skipped/>
  </testcase> <!-- TC_1_VerifyHomePageLoaded -->
</testsuite> <!-- ToolsQA.Anthem_LoginTestScenarios -->
